{
  "RSpec": {
    "coverage": {
      "/Users/vivek/RubymineProjects/techtest-PvnY0URtZZPs_w/app/helpers/application_helper.rb": [
        1,
        null
      ],
      "/Users/vivek/RubymineProjects/techtest-PvnY0URtZZPs_w/app/controllers/users_controller.rb": [
        1,
        14,
        null,
        1,
        3,
        null,
        null,
        1,
        2,
        null,
        2,
        null,
        null,
        1,
        2,
        2,
        null,
        null,
        1,
        null,
        null,
        1,
        3,
        null,
        null,
        1,
        null,
        null,
        1,
        2,
        2,
        2,
        null,
        null
      ],
      "/Users/vivek/RubymineProjects/techtest-PvnY0URtZZPs_w/app/controllers/application_controller.rb": [
        1,
        1,
        null,
        1,
        null,
        1,
        13,
        13,
        null,
        null
      ],
      "/Users/vivek/RubymineProjects/techtest-PvnY0URtZZPs_w/app/models/user.rb": [
        1,
        1,
        2,
        2,
        null,
        null,
        1,
        2,
        null,
        null
      ]
    },
    "timestamp": 1441160827
  }
}
